2017-07-30 13:32:06.565 INFO  singlejartest.Main - Connecting...
2017-07-30 13:32:07.791 INFO  com.dukascopy.api.impl.connect.AuthorizationClient - Selecting the best server...
2017-07-30 13:32:08.266 INFO  com.dukascopy.api.impl.connect.AuthorizationClient - retry count = 1, properties request time = 2017-07-30 13:32:08
2017-07-30 13:32:32.573 INFO  singlejartest.Main - Connecting...
2017-07-30 13:32:33.604 INFO  com.dukascopy.api.impl.connect.AuthorizationClient - Selecting the best server...
2017-07-30 13:33:20.050 INFO  singlejartest.Main - Connecting...
2017-07-30 13:33:20.939 INFO  com.dukascopy.api.impl.connect.AuthorizationClient - Selecting the best server...
2017-07-30 13:33:21.398 INFO  com.dukascopy.api.impl.connect.AuthorizationClient - retry count = 1, properties request time = 2017-07-30 13:33:21
2017-07-30 13:33:48.887 INFO  singlejartest.Main - Connecting...
2017-07-30 13:33:55.657 INFO  com.dukascopy.api.impl.connect.AuthorizationClient - Selecting the best server...
2017-07-30 13:33:56.118 INFO  com.dukascopy.api.impl.connect.AuthorizationClient - retry count = 1, properties request time = 2017-07-30 13:33:56
2017-07-30 13:33:57.394 INFO  com.dukascopy.api.impl.connect.AuthorizationClient - retry count = 1, properties response time = 2017-07-30 13:33:57
2017-07-30 13:33:57.449 INFO  com.dukascopy.dds4.transport.client.ClientProtocolHandler - TcpNoDelay=false
2017-07-30 13:33:59.367 INFO  com.dukascopy.dds4.transport.client.ClientConnector - Primary connect successfull, primarySession is [MinaIoSessionWrapper [session=(SOCKET, R: d-ja-msk-10.dukascopy.com/195.208.187.197:10443, L: /192.168.1.3:35653, S: d-ja-msk-10.dukascopy.com/195.208.187.197:10443)]], address is [d-ja-msk-10.dukascopy.com/195.208.187.197:10443]
2017-07-30 13:33:59.452 WARN  com.dukascopy.api.impl.connect.WLabelData - White Label Image is not received
2017-07-30 13:34:00.040 INFO  com.dukascopy.dds2.greed.connection.GreedClientAuthorizationProvider - !!!:Thread[ClientConnector,5,main]
2017-07-30 13:34:00.282 ERROR com.dukascopy.dds4.transport.common.protocol.binary.SessionProtocolDecoder - com.dukascopy.dds3.transport.msg.acc.ManualWeekendMode
java.lang.ClassNotFoundException: com.dukascopy.dds3.transport.msg.acc.ManualWeekendMode
	at java.net.URLClassLoader$1.run(URLClassLoader.java:359)
	at java.net.URLClassLoader$1.run(URLClassLoader.java:348)
	at java.security.AccessController.doPrivileged(Native Method)
	at java.net.URLClassLoader.findClass(URLClassLoader.java:347)
	at java.lang.ClassLoader.loadClass(ClassLoader.java:425)
	at sun.misc.Launcher$AppClassLoader.loadClass(Launcher.java:312)
	at java.lang.ClassLoader.loadClass(ClassLoader.java:358)
	at java.lang.Class.forName0(Native Method)
	at java.lang.Class.forName(Class.java:195)
	at com.dukascopy.dds4.transport.common.protocol.binary.SessionProtocolDecoder.classMappingReceived(SessionProtocolDecoder.java:77)
	at com.dukascopy.dds4.transport.common.protocol.binary.BinaryProtocolFilter.decode(BinaryProtocolFilter.java:165)
	at com.dukascopy.dds4.transport.common.protocol.binary.BinaryProtocolFilter.messageReceived(BinaryProtocolFilter.java:94)
	at org.apache.mina.common.support.AbstractIoFilterChain.callNextMessageReceived(AbstractIoFilterChain.java:299)
	at org.apache.mina.common.support.AbstractIoFilterChain.access$1100(AbstractIoFilterChain.java:53)
	at org.apache.mina.common.support.AbstractIoFilterChain$EntryImpl$1.messageReceived(AbstractIoFilterChain.java:648)
	at com.dukascopy.dds4.transport.client.ProtocolVersionClientNegotiatorFilter.messageReceived(ProtocolVersionClientNegotiatorFilter.java:119)
	at org.apache.mina.common.support.AbstractIoFilterChain.callNextMessageReceived(AbstractIoFilterChain.java:299)
	at org.apache.mina.common.support.AbstractIoFilterChain.access$1100(AbstractIoFilterChain.java:53)
	at org.apache.mina.common.support.AbstractIoFilterChain$EntryImpl$1.messageReceived(AbstractIoFilterChain.java:648)
	at org.apache.mina.filter.support.SSLHandler.flushScheduledEvents(SSLHandler.java:245)
	at org.apache.mina.filter.SSLFilter.messageReceived(SSLFilter.java:432)
	at org.apache.mina.common.support.AbstractIoFilterChain.callNextMessageReceived(AbstractIoFilterChain.java:299)
	at org.apache.mina.common.support.AbstractIoFilterChain.access$1100(AbstractIoFilterChain.java:53)
	at org.apache.mina.common.support.AbstractIoFilterChain$EntryImpl$1.messageReceived(AbstractIoFilterChain.java:648)
	at org.apache.mina.filter.executor.ExecutorFilter.processEvent(ExecutorFilter.java:220)
	at org.apache.mina.filter.executor.ExecutorFilter$ProcessEventsRunnable.run(ExecutorFilter.java:264)
	at java.util.concurrent.ThreadPoolExecutor.runWorker(ThreadPoolExecutor.java:1145)
	at java.util.concurrent.ThreadPoolExecutor$Worker.run(ThreadPoolExecutor.java:615)
	at java.lang.Thread.run(Thread.java:745)
2017-07-30 13:34:00.290 ERROR com.dukascopy.dds4.transport.common.protocol.binary.SessionProtocolDecoder - [null] Compatibility error: com.dukascopy.dds3.transport.msg.acc.ManualWeekendMode
java.lang.ClassNotFoundException: com.dukascopy.dds3.transport.msg.acc.ManualWeekendMode
	at java.net.URLClassLoader$1.run(URLClassLoader.java:359)
	at java.net.URLClassLoader$1.run(URLClassLoader.java:348)
	at java.security.AccessController.doPrivileged(Native Method)
	at java.net.URLClassLoader.findClass(URLClassLoader.java:347)
	at java.lang.ClassLoader.loadClass(ClassLoader.java:425)
	at sun.misc.Launcher$AppClassLoader.loadClass(Launcher.java:312)
	at java.lang.ClassLoader.loadClass(ClassLoader.java:358)
	at java.lang.Class.forName0(Native Method)
	at java.lang.Class.forName(Class.java:195)
	at com.dukascopy.dds4.transport.common.protocol.binary.SessionProtocolDecoder.classMappingReceived(SessionProtocolDecoder.java:92)
	at com.dukascopy.dds4.transport.common.protocol.binary.BinaryProtocolFilter.decode(BinaryProtocolFilter.java:165)
	at com.dukascopy.dds4.transport.common.protocol.binary.BinaryProtocolFilter.messageReceived(BinaryProtocolFilter.java:94)
	at org.apache.mina.common.support.AbstractIoFilterChain.callNextMessageReceived(AbstractIoFilterChain.java:299)
	at org.apache.mina.common.support.AbstractIoFilterChain.access$1100(AbstractIoFilterChain.java:53)
	at org.apache.mina.common.support.AbstractIoFilterChain$EntryImpl$1.messageReceived(AbstractIoFilterChain.java:648)
	at com.dukascopy.dds4.transport.client.ProtocolVersionClientNegotiatorFilter.messageReceived(ProtocolVersionClientNegotiatorFilter.java:119)
	at org.apache.mina.common.support.AbstractIoFilterChain.callNextMessageReceived(AbstractIoFilterChain.java:299)
	at org.apache.mina.common.support.AbstractIoFilterChain.access$1100(AbstractIoFilterChain.java:53)
	at org.apache.mina.common.support.AbstractIoFilterChain$EntryImpl$1.messageReceived(AbstractIoFilterChain.java:648)
	at org.apache.mina.filter.support.SSLHandler.flushScheduledEvents(SSLHandler.java:245)
	at org.apache.mina.filter.SSLFilter.messageReceived(SSLFilter.java:432)
	at org.apache.mina.common.support.AbstractIoFilterChain.callNextMessageReceived(AbstractIoFilterChain.java:299)
	at org.apache.mina.common.support.AbstractIoFilterChain.access$1100(AbstractIoFilterChain.java:53)
	at org.apache.mina.common.support.AbstractIoFilterChain$EntryImpl$1.messageReceived(AbstractIoFilterChain.java:648)
	at org.apache.mina.filter.executor.ExecutorFilter.processEvent(ExecutorFilter.java:220)
	at org.apache.mina.filter.executor.ExecutorFilter$ProcessEventsRunnable.run(ExecutorFilter.java:264)
	at java.util.concurrent.ThreadPoolExecutor.runWorker(ThreadPoolExecutor.java:1145)
	at java.util.concurrent.ThreadPoolExecutor$Worker.run(ThreadPoolExecutor.java:615)
	at java.lang.Thread.run(Thread.java:745)
2017-07-30 13:34:00.294 ERROR com.dukascopy.dds4.transport.common.protocol.binary.SessionProtocolDecoder - [null] SESSION DECODER error. Message: null field: null, error: Trying to decode message that doesn't have registered class mapping, class id - -32742
DynamicSessionDictionary: registered mappings:
-32767 -> class com.dukascopy.dds4.transport.common.protocol.binary.ClassMappingMessage
-32766 -> interface java.util.Map
-32765 -> class java.util.HashMap
-32764 -> class java.lang.Short
-32763 -> class java.lang.Class
-32762 -> class java.lang.String
-32761 -> boolean
-32760 -> class java.lang.Boolean
-32759 -> interface java.util.Set
-32758 -> class java.util.HashSet
-32757 -> interface java.util.List
-32756 -> class java.util.ArrayList
-32755 -> class java.math.BigDecimal
-32754 -> class com.dukascopy.dds4.transport.common.protocol.binary.EncodingContext
-32753 -> class com.dukascopy.dds4.transport.common.protocol.binary.FieldInfo
-32752 -> class com.dukascopy.dds4.transport.common.protocol.binary.DirectInvocationHandler
-32751 -> class com.dukascopy.dds4.transport.common.protocol.binary.CompatibilityTranslator
-32749 -> class com.dukascopy.dds4.transport.msg.system.HaloResponseMessage
-32748 -> class com.dukascopy.dds4.transport.msg.system.OkResponseMessage
-32747 -> class com.dukascopy.dds4.transport.msg.system.PrimarySocketAuthAcceptorMessage
-32746 -> class com.dukascopy.dds4.transport.msg.system.ChildSocketAuthAcceptorMessage
-32745 -> class com.dukascopy.dds3.transport.msg.ras.OrderResponse
-32744 -> class com.dukascopy.dds3.transport.msg.feeder.CurrencyQuoteMessage
-32743 -> class com.dukascopy.dds4.transport.msg.system.CurrencyOffer

java.lang.IllegalArgumentException: Trying to decode message that doesn't have registered class mapping, class id - -32742
DynamicSessionDictionary: registered mappings:
-32767 -> class com.dukascopy.dds4.transport.common.protocol.binary.ClassMappingMessage
-32766 -> interface java.util.Map
-32765 -> class java.util.HashMap
-32764 -> class java.lang.Short
-32763 -> class java.lang.Class
-32762 -> class java.lang.String
-32761 -> boolean
-32760 -> class java.lang.Boolean
-32759 -> interface java.util.Set
-32758 -> class java.util.HashSet
-32757 -> interface java.util.List
-32756 -> class java.util.ArrayList
-32755 -> class java.math.BigDecimal
-32754 -> class com.dukascopy.dds4.transport.common.protocol.binary.EncodingContext
-32753 -> class com.dukascopy.dds4.transport.common.protocol.binary.FieldInfo
-32752 -> class com.dukascopy.dds4.transport.common.protocol.binary.DirectInvocationHandler
-32751 -> class com.dukascopy.dds4.transport.common.protocol.binary.CompatibilityTranslator
-32749 -> class com.dukascopy.dds4.transport.msg.system.HaloResponseMessage
-32748 -> class com.dukascopy.dds4.transport.msg.system.OkResponseMessage
-32747 -> class com.dukascopy.dds4.transport.msg.system.PrimarySocketAuthAcceptorMessage
-32746 -> class com.dukascopy.dds4.transport.msg.system.ChildSocketAuthAcceptorMessage
-32745 -> class com.dukascopy.dds3.transport.msg.ras.OrderResponse
-32744 -> class com.dukascopy.dds3.transport.msg.feeder.CurrencyQuoteMessage
-32743 -> class com.dukascopy.dds4.transport.msg.system.CurrencyOffer

	at com.dukascopy.dds4.transport.common.protocol.binary.SessionProtocolDecoder.decodeMessage(SessionProtocolDecoder.java:123)
	at com.dukascopy.dds4.transport.common.protocol.binary.BinaryProtocolFilter.decode(BinaryProtocolFilter.java:158)
	at com.dukascopy.dds4.transport.common.protocol.binary.BinaryProtocolFilter.messageReceived(BinaryProtocolFilter.java:94)
	at org.apache.mina.common.support.AbstractIoFilterChain.callNextMessageReceived(AbstractIoFilterChain.java:299)
	at org.apache.mina.common.support.AbstractIoFilterChain.access$1100(AbstractIoFilterChain.java:53)
	at org.apache.mina.common.support.AbstractIoFilterChain$EntryImpl$1.messageReceived(AbstractIoFilterChain.java:648)
	at com.dukascopy.dds4.transport.client.ProtocolVersionClientNegotiatorFilter.messageReceived(ProtocolVersionClientNegotiatorFilter.java:119)
	at org.apache.mina.common.support.AbstractIoFilterChain.callNextMessageReceived(AbstractIoFilterChain.java:299)
	at org.apache.mina.common.support.AbstractIoFilterChain.access$1100(AbstractIoFilterChain.java:53)
	at org.apache.mina.common.support.AbstractIoFilterChain$EntryImpl$1.messageReceived(AbstractIoFilterChain.java:648)
	at org.apache.mina.filter.support.SSLHandler.flushScheduledEvents(SSLHandler.java:245)
	at org.apache.mina.filter.SSLFilter.messageReceived(SSLFilter.java:432)
	at org.apache.mina.common.support.AbstractIoFilterChain.callNextMessageReceived(AbstractIoFilterChain.java:299)
	at org.apache.mina.common.support.AbstractIoFilterChain.access$1100(AbstractIoFilterChain.java:53)
	at org.apache.mina.common.support.AbstractIoFilterChain$EntryImpl$1.messageReceived(AbstractIoFilterChain.java:648)
	at org.apache.mina.filter.executor.ExecutorFilter.processEvent(ExecutorFilter.java:220)
	at org.apache.mina.filter.executor.ExecutorFilter$ProcessEventsRunnable.run(ExecutorFilter.java:264)
	at java.util.concurrent.ThreadPoolExecutor.runWorker(ThreadPoolExecutor.java:1145)
	at java.util.concurrent.ThreadPoolExecutor$Worker.run(ThreadPoolExecutor.java:615)
	at java.lang.Thread.run(Thread.java:745)
2017-07-30 13:34:01.176 INFO  singlejartest.Main - Connected
2017-07-30 13:34:01.197 INFO  com.dukascopy.dds4.transport.client.ClientConnector - Child session opened for [d-ja-msk-10.dukascopy.com/195.208.187.197:10443]
2017-07-30 13:34:02.171 INFO  singlejartest.Main - Subscribing instruments...
2017-07-30 13:34:02.172 INFO  singlejartest.Main - Starting strategy
2017-07-30 13:34:04.371 INFO  singlejartest.Main - Strategy started: 79
2017-07-30 13:34:04.372 INFO  singlejartest.Main - Starting 2 strategy
2017-07-30 13:34:04.389 INFO  singlejartest.Main - Strategy started: 83
2017-07-30 13:34:04.389 INFO  singlejartest.ZmqListener - started
